<?xml version="1.0" encoding="UTF-8"?>
<coverage generated="1712000278765" clover="3.2.0">
  <project timestamp="1712000278765" name="All files">
    <metrics statements="25" coveredstatements="21" conditionals="8" coveredconditionals="8" methods="4" coveredmethods="4" elements="37" coveredelements="33" complexity="0" loc="25" ncloc="25" packages="1" files="1" classes="1"/>
    <file name="database.js" path="/Users/abdulrafay/Desktop/Food-Truck-Finder/server/database.js">
      <metrics statements="25" coveredstatements="21" conditionals="8" coveredconditionals="8" methods="4" coveredmethods="4"/>
      <line num="3" count="1" type="stmt"/>
      <line num="5" count="1" type="stmt"/>
      <line num="8" count="1" type="stmt"/>
      <line num="16" count="1" type="stmt"/>
      <line num="17" count="3" type="stmt"/>
      <line num="18" count="3" type="stmt"/>
      <line num="22" count="3" type="cond" truecount="2" falsecount="0"/>
      <line num="23" count="2" type="stmt"/>
      <line num="24" count="2" type="cond" truecount="4" falsecount="0"/>
      <line num="25" count="1" type="stmt"/>
      <line num="27" count="0" type="stmt"/>
      <line num="28" count="0" type="stmt"/>
      <line num="32" count="1" type="stmt"/>
      <line num="33" count="2" type="stmt"/>
      <line num="34" count="2" type="stmt"/>
      <line num="38" count="2" type="cond" truecount="2" falsecount="0"/>
      <line num="39" count="1" type="stmt"/>
      <line num="41" count="0" type="stmt"/>
      <line num="45" count="1" type="stmt"/>
      <line num="46" count="1" type="stmt"/>
      <line num="47" count="1" type="stmt"/>
      <line num="51" count="1" type="stmt"/>
      <line num="53" count="0" type="stmt"/>
      <line num="57" count="1" type="stmt"/>
      <line num="58" count="1" type="stmt"/>
    </file>
  </project>
</coverage>
