{"/Users/hi/Documents/GitHub/Food-Truck-Finder/server/database.js": {"path":"/Users/hi/Documents/GitHub/Food-Truck-Finder/server/database.js","statementMap":{"0":{"start":{"line":1,"column":15},"end":{"line":1,"column":32}},"1":{"start":{"line":2,"column":0},"end":{"line":2,"column":16}},"2":{"start":{"line":5,"column":17},"end":{"line":5,"column":30}},"3":{"start":{"line":6,"column":18},"end":{"line":11,"column":2}},"4":{"start":{"line":14,"column":19},"end":{"line":28,"column":1}},"5":{"start":{"line":15,"column":4},"end":{"line":27,"column":5}},"6":{"start":{"line":16,"column":23},"end":{"line":19,"column":9}},"7":{"start":{"line":20,"column":8},"end":{"line":20,"column":46}},"8":{"start":{"line":20,"column":33},"end":{"line":20,"column":46}},"9":{"start":{"line":21,"column":25},"end":{"line":21,"column":39}},"10":{"start":{"line":22,"column":8},"end":{"line":23,"column":25}},"11":{"start":{"line":22,"column":107},"end":{"line":22,"column":120}},"12":{"start":{"line":23,"column":13},"end":{"line":23,"column":25}},"13":{"start":{"line":25,"column":8},"end":{"line":25,"column":27}},"14":{"start":{"line":26,"column":8},"end":{"line":26,"column":21}},"15":{"start":{"line":30,"column":20},"end":{"line":41,"column":1}},"16":{"start":{"line":31,"column":4},"end":{"line":40,"column":5}},"17":{"start":{"line":32,"column":23},"end":{"line":35,"column":9}},"18":{"start":{"line":36,"column":8},"end":{"line":37,"column":25}},"19":{"start":{"line":36,"column":33},"end":{"line":36,"column":46}},"20":{"start":{"line":37,"column":13},"end":{"line":37,"column":25}},"21":{"start":{"line":39,"column":8},"end":{"line":39,"column":21}}},"fnMap":{"0":{"name":"(anonymous_0)","decl":{"start":{"line":14,"column":19},"end":{"line":14,"column":20}},"loc":{"start":{"line":14,"column":34},"end":{"line":28,"column":1}},"line":14},"1":{"name":"(anonymous_1)","decl":{"start":{"line":30,"column":20},"end":{"line":30,"column":21}},"loc":{"start":{"line":30,"column":35},"end":{"line":41,"column":1}},"line":30}},"branchMap":{"0":{"loc":{"start":{"line":20,"column":8},"end":{"line":20,"column":46}},"type":"if","locations":[{"start":{"line":20,"column":8},"end":{"line":20,"column":46}},{"start":{},"end":{}}],"line":20},"1":{"loc":{"start":{"line":22,"column":8},"end":{"line":23,"column":25}},"type":"if","locations":[{"start":{"line":22,"column":8},"end":{"line":23,"column":25}},{"start":{"line":23,"column":13},"end":{"line":23,"column":25}}],"line":22},"2":{"loc":{"start":{"line":22,"column":11},"end":{"line":22,"column":105}},"type":"binary-expr","locations":[{"start":{"line":22,"column":11},"end":{"line":22,"column":67}},{"start":{"line":22,"column":71},"end":{"line":22,"column":105}}],"line":22},"3":{"loc":{"start":{"line":36,"column":8},"end":{"line":37,"column":25}},"type":"if","locations":[{"start":{"line":36,"column":8},"end":{"line":37,"column":25}},{"start":{"line":37,"column":13},"end":{"line":37,"column":25}}],"line":36}},"s":{"0":1,"1":1,"2":1,"3":1,"4":1,"5":3,"6":3,"7":3,"8":1,"9":2,"10":2,"11":1,"12":1,"13":0,"14":0,"15":1,"16":2,"17":2,"18":2,"19":1,"20":1,"21":0},"f":{"0":3,"1":2},"b":{"0":[1,2],"1":[1,1],"2":[2,2],"3":[1,1]},"_coverageSchema":"1a1c01bbd47fc00a2c39e90264f33305004495a9","hash":"5b9a3ca3db7b1e6bd68718188019316c97f91537"}
}
