{"/Users/abdulrafay/Desktop/Food-Truck-Finder/server/database.js": {"path":"/Users/abdulrafay/Desktop/Food-Truck-Finder/server/database.js","statementMap":{"0":{"start":{"line":3,"column":17},"end":{"line":3,"column":20}},"1":{"start":{"line":5,"column":0},"end":{"line":5,"column":16}},"2":{"start":{"line":8,"column":18},"end":{"line":13,"column":2}},"3":{"start":{"line":16,"column":19},"end":{"line":30,"column":1}},"4":{"start":{"line":17,"column":4},"end":{"line":29,"column":5}},"5":{"start":{"line":18,"column":23},"end":{"line":21,"column":9}},"6":{"start":{"line":22,"column":8},"end":{"line":22,"column":46}},"7":{"start":{"line":22,"column":33},"end":{"line":22,"column":46}},"8":{"start":{"line":23,"column":25},"end":{"line":23,"column":39}},"9":{"start":{"line":24,"column":8},"end":{"line":25,"column":25}},"10":{"start":{"line":24,"column":107},"end":{"line":24,"column":120}},"11":{"start":{"line":25,"column":13},"end":{"line":25,"column":25}},"12":{"start":{"line":27,"column":8},"end":{"line":27,"column":27}},"13":{"start":{"line":28,"column":8},"end":{"line":28,"column":21}},"14":{"start":{"line":32,"column":20},"end":{"line":43,"column":1}},"15":{"start":{"line":33,"column":4},"end":{"line":42,"column":5}},"16":{"start":{"line":34,"column":23},"end":{"line":37,"column":9}},"17":{"start":{"line":38,"column":8},"end":{"line":39,"column":25}},"18":{"start":{"line":38,"column":33},"end":{"line":38,"column":46}},"19":{"start":{"line":39,"column":13},"end":{"line":39,"column":25}},"20":{"start":{"line":41,"column":8},"end":{"line":41,"column":21}},"21":{"start":{"line":45,"column":20},"end":{"line":55,"column":1}},"22":{"start":{"line":46,"column":4},"end":{"line":54,"column":5}},"23":{"start":{"line":47,"column":23},"end":{"line":50,"column":9}},"24":{"start":{"line":51,"column":8},"end":{"line":51,"column":30}},"25":{"start":{"line":53,"column":8},"end":{"line":53,"column":18}},"26":{"start":{"line":57,"column":24},"end":{"line":59,"column":1}},"27":{"start":{"line":58,"column":4},"end":{"line":58,"column":26}}},"fnMap":{"0":{"name":"(anonymous_0)","decl":{"start":{"line":16,"column":19},"end":{"line":16,"column":20}},"loc":{"start":{"line":16,"column":34},"end":{"line":30,"column":1}},"line":16},"1":{"name":"(anonymous_1)","decl":{"start":{"line":32,"column":20},"end":{"line":32,"column":21}},"loc":{"start":{"line":32,"column":35},"end":{"line":43,"column":1}},"line":32},"2":{"name":"(anonymous_2)","decl":{"start":{"line":45,"column":20},"end":{"line":45,"column":21}},"loc":{"start":{"line":45,"column":35},"end":{"line":55,"column":1}},"line":45},"3":{"name":"(anonymous_3)","decl":{"start":{"line":57,"column":24},"end":{"line":57,"column":25}},"loc":{"start":{"line":57,"column":35},"end":{"line":59,"column":1}},"line":57}},"branchMap":{"0":{"loc":{"start":{"line":22,"column":8},"end":{"line":22,"column":46}},"type":"if","locations":[{"start":{"line":22,"column":8},"end":{"line":22,"column":46}},{"start":{},"end":{}}],"line":22},"1":{"loc":{"start":{"line":24,"column":8},"end":{"line":25,"column":25}},"type":"if","locations":[{"start":{"line":24,"column":8},"end":{"line":25,"column":25}},{"start":{"line":25,"column":13},"end":{"line":25,"column":25}}],"line":24},"2":{"loc":{"start":{"line":24,"column":11},"end":{"line":24,"column":105}},"type":"binary-expr","locations":[{"start":{"line":24,"column":11},"end":{"line":24,"column":67}},{"start":{"line":24,"column":71},"end":{"line":24,"column":105}}],"line":24},"3":{"loc":{"start":{"line":38,"column":8},"end":{"line":39,"column":25}},"type":"if","locations":[{"start":{"line":38,"column":8},"end":{"line":39,"column":25}},{"start":{"line":39,"column":13},"end":{"line":39,"column":25}}],"line":38}},"s":{"0":1,"1":1,"2":1,"3":1,"4":3,"5":3,"6":3,"7":1,"8":2,"9":2,"10":1,"11":1,"12":0,"13":0,"14":1,"15":2,"16":2,"17":2,"18":1,"19":1,"20":0,"21":1,"22":1,"23":1,"24":1,"25":0,"26":1,"27":1},"f":{"0":3,"1":2,"2":1,"3":1},"b":{"0":[1,2],"1":[1,1],"2":[2,2],"3":[1,1]},"_coverageSchema":"1a1c01bbd47fc00a2c39e90264f33305004495a9","hash":"e18b30711850438bcfb4484913a5ca648b7b56aa"}
}
