TN:
SF:database.js
FN:16,(anonymous_0)
FN:32,(anonymous_1)
FN:45,(anonymous_2)
FN:57,(anonymous_3)
FNF:4
FNH:4
FNDA:3,(anonymous_0)
FNDA:2,(anonymous_1)
FNDA:1,(anonymous_2)
FNDA:1,(anonymous_3)
DA:3,1
DA:5,1
DA:8,1
DA:16,1
DA:17,3
DA:18,3
DA:22,3
DA:23,2
DA:24,2
DA:25,1
DA:27,0
DA:28,0
DA:32,1
DA:33,2
DA:34,2
DA:38,2
DA:39,1
DA:41,0
DA:45,1
DA:46,1
DA:47,1
DA:51,1
DA:53,0
DA:57,1
DA:58,1
LF:25
LH:21
BRDA:22,0,0,1
BRDA:22,0,1,2
BRDA:24,1,0,1
BRDA:24,1,1,1
BRDA:24,2,0,2
BRDA:24,2,1,2
BRDA:38,3,0,1
BRDA:38,3,1,1
BRF:8
BRH:8
end_of_record
